<?xml version="1.0" encoding="UTF-8"?>
<!-- Generated by org.testng.reporters.JUnitReportReporter -->
<testsuite hostname="INDIA-VenkataM" failures="0" tests="1" name="TC001_GET_Request" time="2.577" errors="0" timestamp="2020-08-09T01:46:10 IST" skipped="0">
  <testcase classname="TC001_GET_Request" name="getweatherDetails" time="2.577"/>
  <system-out/>
</testsuite> <!-- TC001_GET_Request -->
