<?xml version="1.0" encoding="UTF-8"?>
<!-- Generated by org.testng.reporters.JUnitReportReporter -->
<testsuite hostname="INDIA-VenkataM" failures="0" tests="1" name="TC004_PATCH_Request" time="2.915" errors="0" timestamp="2020-08-09T23:37:22 IST" skipped="0">
  <testcase classname="TC004_PATCH_Request" name="testpatch" time="2.915"/>
  <system-out/>
</testsuite> <!-- TC004_PATCH_Request -->
