<?xml version="1.0" encoding="UTF-8"?>
<!-- Generated by org.testng.reporters.JUnitReportReporter -->
<testsuite hostname="INDIA-VenkataM" failures="0" tests="1" name="T006_ResponseBody" time="3.079" errors="0" timestamp="2020-08-12T01:22:44 IST" skipped="0">
  <testcase classname="T006_ResponseBody" name="getweatherDetails" time="3.079"/>
  <system-out/>
</testsuite> <!-- T006_ResponseBody -->
