<?xml version="1.0" encoding="UTF-8"?>
<!-- Generated by org.testng.reporters.JUnitReportReporter -->
<testsuite hostname="INDIA-VenkataM" failures="0" tests="1" name="TC005_DELETE_Request" time="3.284" errors="0" timestamp="2020-08-09T23:38:18 IST" skipped="0">
  <testcase classname="TC005_DELETE_Request" name="testDelete" time="3.284"/>
  <system-out/>
</testsuite> <!-- TC005_DELETE_Request -->
