<?xml version="1.0" encoding="UTF-8"?>
<!-- Generated by org.testng.reporters.JUnitReportReporter -->
<testsuite hostname="INDIA-VenkataM" failures="0" tests="1" name="Excel.ExcelUtils" time="0.567" errors="0" timestamp="2020-08-11T13:01:24 IST" skipped="0">
  <testcase classname="Excel.ExcelUtils" name="getRowCount" time="0.567"/>
  <system-out/>
</testsuite> <!-- Excel.ExcelUtils -->
