<?xml version="1.0" encoding="UTF-8"?>
<!-- Generated by org.testng.reporters.JUnitReportReporter -->
<testsuite hostname="INDIA-VenkataM" failures="0" tests="1" name="TC003_PUT_Requesut" time="5.382" errors="0" timestamp="2020-08-09T23:24:10 IST" skipped="0">
  <testcase classname="TC003_PUT_Requesut" name="testput" time="5.382"/>
  <system-out/>
</testsuite> <!-- TC003_PUT_Requesut -->
