<?xml version="1.0" encoding="UTF-8"?>
<!-- Generated by org.testng.reporters.JUnitReportReporter -->
<testsuite hostname="INDIA-VenkataM" failures="0" tests="1" name="LocalHostJsonAPI" time="2.018" errors="0" timestamp="2020-08-10T01:09:44 IST" skipped="0">
  <testcase classname="LocalHostJsonAPI" name="test_Delete" time="2.018"/>
  <system-out/>
</testsuite> <!-- LocalHostJsonAPI -->
