<?xml version="1.0" encoding="UTF-8"?>
<!-- Generated by org.testng.reporters.JUnitReportReporter -->
<testsuite hostname="INDIA-VenkataM" failures="0" tests="2" name="com.employee.TestCases.TC002_POST_Request" time="0.019" errors="0" timestamp="2020-08-13T00:03:31 IST" skipped="0">
  <testcase classname="com.employee.TestCases.TC002_POST_Request" name="checkResponseBody" time="0.016"/>
  <system-out/>
  <testcase classname="com.employee.TestCases.TC002_POST_Request" name="checkStatusCode" time="0.003"/>
  <system-out/>
</testsuite> <!-- com.employee.TestCases.TC002_POST_Request -->
