<?xml version="1.0" encoding="UTF-8"?>
<!-- Generated by org.testng.reporters.JUnitReportReporter -->
<testsuite hostname="INDIA-VenkataM" failures="0" tests="1" name="TC002_POST_Request" time="3.336" errors="0" timestamp="2020-08-09T00:43:45 IST" skipped="0">
  <testcase classname="TC002_POST_Request" name="RegistrationSuccessful" time="3.336"/>
  <system-out/>
</testsuite> <!-- TC002_POST_Request -->
